<?xml version="1.0" encoding="UTF-8"?>
<TestRun id="29804bec-10cb-4b8f-a79f-82f40f839a3b" name="Pete@PETE-PC 2012-01-17 22:10:33" runUser="Pete-PC\Pete" xmlns="http://microsoft.com/schemas/VisualStudio/TeamTest/2010">
  <TestSettings name="Default Test Settings" id="5d5d3677-54e3-4471-8aae-eec216b63d90">
    <Execution>
      <TestTypeSpecific />
      <AgentRule name="Execution Agents">
      </AgentRule>
    </Execution>
    <Deployment runDeploymentRoot="Pete_PETE-PC 2012-01-17 22_10_33" />
  </TestSettings>
  <Times creation="2012-01-17T22:10:33.6191889+01:00" queuing="2012-01-17T22:10:34.9072626+01:00" start="2012-01-17T22:10:34.9672660+01:00" finish="2012-01-17T22:10:35.5042967+01:00" />
  <ResultSummary outcome="Completed">
    <Counters total="1" executed="1" passed="1" error="0" failed="0" timeout="0" aborted="0" inconclusive="0" passedButRunAborted="0" notRunnable="0" notExecuted="0" disconnected="0" warning="0" completed="0" inProgress="0" pending="0" />
  </ResultSummary>
  <TestDefinitions>
    <UnitTest name="TestMethod1" storage="h:\dyplom\git\src\cvappengine\debug\defaulttest.dll" id="b54231cf-f3fd-5b5c-4cba-d8770fbf3e5b">
      <Execution id="5a5e9144-2914-4523-aec6-46ca04733840" />
      <TestMethod codeBase="H:/Dyplom/Git/src/CVAppEngine/Debug/DefaultTest.DLL" adapterTypeName="Microsoft.VisualStudio.TestTools.TestTypes.Unit.UnitTestAdapter, Microsoft.VisualStudio.QualityTools.Tips.UnitTest.Adapter, Version=10.0.0.0, Culture=neutral, PublicKeyToken=b03f5f7f11d50a3a" className="JobShedulerTest.Queue, DefaultTest, Version=1.0.4399.39915, Culture=neutral, PublicKeyToken=null" name="TestMethod1" />
    </UnitTest>
  </TestDefinitions>
  <TestLists>
    <TestList name="Results Not in a List" id="8c84fa94-04c1-424b-9868-57a2d4851a1d" />
    <TestList name="All Loaded Results" id="19431567-8539-422a-85d7-44ee4e166bda" />
  </TestLists>
  <TestEntries>
    <TestEntry testId="b54231cf-f3fd-5b5c-4cba-d8770fbf3e5b" executionId="5a5e9144-2914-4523-aec6-46ca04733840" testListId="8c84fa94-04c1-424b-9868-57a2d4851a1d" />
  </TestEntries>
  <Results>
    <UnitTestResult executionId="5a5e9144-2914-4523-aec6-46ca04733840" testId="b54231cf-f3fd-5b5c-4cba-d8770fbf3e5b" testName="TestMethod1" computerName="PETE-PC" duration="00:00:00.0129454" startTime="2012-01-17T22:10:35.0092684+01:00" endTime="2012-01-17T22:10:35.4462934+01:00" testType="13cdc9d9-ddb5-4fa4-a97d-d965ccfc6d4b" outcome="Passed" testListId="8c84fa94-04c1-424b-9868-57a2d4851a1d" relativeResultsDirectory="5a5e9144-2914-4523-aec6-46ca04733840">
    </UnitTestResult>
  </Results>
</TestRun>